▲ Next.js 16.2.6 (Turbopack)
- Environments: .env

⚠ The "middleware" file convention is deprecated. Please use "proxy" instead. Learn more: https://nextjs.org/docs/messages/middleware-to-proxy
  Creating an optimized production build ...
✓ Compiled successfully in 64s
  Running TypeScript ...
  Finished TypeScript in 46s ...
  Collecting page data using 1 worker ...
  Generating static pages using 1 worker (0/74) ...
⚠ metadataBase property in metadata export is not set for resolving social open graph or twitter images, using "http://localhost:3000". See https://nextjs.org/docs/app/api-reference/functions/generate-metadata#metadatabase
Error: Static generation failed due to dynamic usage on /_not-found, reason: headers
    at m (.next/server/chunks/ssr/_0pfjl~c._.js:1:19630)
    at x (.next/server/chunks/ssr/[root-of-the-server]__0~rooqz._.js:1:10520)
    at stringify (<anonymous>)
Error: Static generation failed due to dynamic usage on /about, reason: headers
    at m (.next/server/chunks/ssr/_0pfjl~c._.js:1:19630)
    at x (.next/server/chunks/ssr/[root-of-the-server]__0~rooqz._.js:1:10520)
    at stringify (<anonymous>)
Error: Static generation failed due to dynamic usage on /academy/admin/assignments, reason: cookies
    at n (.next/server/chunks/ssr/_0pfjl~c._.js:1:13032)
    at u (.next/server/chunks/ssr/_0pfjl~c._.js:9:544)
    at g (.next/server/chunks/ssr/[root-of-the-server]__0sqg.wr._.js:1:2798)
    at stringify (<anonymous>)
Error: Static generation failed due to dynamic usage on /academy/classroom/new, reason: cookies
    at n (.next/server/chunks/ssr/_0pfjl~c._.js:1:13032)
    at u (.next/server/chunks/ssr/_0pfjl~c._.js:9:544)
    at d (.next/server/chunks/ssr/_0k9xt1s._.js:2:384)
    at f (.next/server/chunks/ssr/[root-of-the-server]__0l9rqci._.js:1:2791)
    at stringify (<anonymous>)
Error: Static generation failed due to dynamic usage on /academy/classroom, reason: cookies
    at n (.next/server/chunks/ssr/_0pfjl~c._.js:1:13032)
    at u (.next/server/chunks/ssr/_0pfjl~c._.js:9:544)
    at d (.next/server/chunks/ssr/_0k9xt1s._.js:2:384)
    at h (.next/server/chunks/ssr/[root-of-the-server]__0itumbq._.js:1:2813)
    at stringify (<anonymous>)
Error: Static generation failed due to dynamic usage on /academy/leaderboard, reason: cookies
    at n (.next/server/chunks/ssr/_0pfjl~c._.js:1:13032)
    at u (.next/server/chunks/ssr/_0pfjl~c._.js:9:544)
    at d (.next/server/chunks/ssr/_0k9xt1s._.js:2:384)
    at g (.next/server/chunks/ssr/[root-of-the-server]__13v6ul0._.js:1:2798)
    at stringify (<anonymous>)
Error: Static generation failed due to dynamic usage on /academy/lesson/add, reason: headers
    at m (.next/server/chunks/ssr/_0pfjl~c._.js:1:19630)
    at x (.next/server/chunks/ssr/[root-of-the-server]__0~rooqz._.js:1:10520)
    at stringify (<anonymous>)
Error: Static generation failed due to dynamic usage on /academy/lesson, reason: cookies
    at n (.next/server/chunks/ssr/_0pfjl~c._.js:1:13032)
    at u (.next/server/chunks/ssr/_0pfjl~c._.js:9:544)
    at j (.next/server/chunks/ssr/[root-of-the-server]__0jv2imf._.js:1:3988)
    at stringify (<anonymous>)
Error: Static generation failed due to dynamic usage on /academy, reason: cookies
    at n (.next/server/chunks/ssr/_0pfjl~c._.js:1:13032)
    at u (.next/server/chunks/ssr/_0pfjl~c._.js:9:544)
    at d (.next/server/chunks/ssr/_0k9xt1s._.js:2:384)
    at g (.next/server/chunks/ssr/[root-of-the-server]__0y7sr54._.js:1:2759)
    at stringify (<anonymous>)
Error: Static generation failed due to dynamic usage on /academy/reports, reason: cookies
    at n (.next/server/chunks/ssr/_0pfjl~c._.js:1:13032)
    at u (.next/server/chunks/ssr/_0pfjl~c._.js:9:544)
    at d (.next/server/chunks/ssr/_0k9xt1s._.js:2:384)
    at j (.next/server/chunks/ssr/[root-of-the-server]__0xlaol~._.js:25:3162)
    at stringify (<anonymous>)
Error: Static generation failed due to dynamic usage on /academy/students, reason: cookies
    at n (.next/server/chunks/ssr/_0pfjl~c._.js:1:13032)
    at u (.next/server/chunks/ssr/_0pfjl~c._.js:9:544)
    at g (.next/server/chunks/ssr/[root-of-the-server]__0wtr35w._.js:11:3109)
    at stringify (<anonymous>)
Error: Static generation failed due to dynamic usage on /add-game, reason: headers
    at m (.next/server/chunks/ssr/_0pfjl~c._.js:1:19630)
    at x (.next/server/chunks/ssr/[root-of-the-server]__0~rooqz._.js:1:10520)
    at stringify (<anonymous>)
Error: Static generation failed due to dynamic usage on /admin/admin-dashboard/active-players, reason: cookies
    at n (.next/server/chunks/ssr/_0pfjl~c._.js:1:13032)
    at u (.next/server/chunks/ssr/_0pfjl~c._.js:9:544)
    at e (.next/server/chunks/ssr/src_app_admin_layout_tsx_0at4vto._.js:1:158)
    at stringify (<anonymous>)
Error: Static generation failed due to dynamic usage on /admin/admin-dashboard/all-players, reason: cookies
    at n (.next/server/chunks/ssr/_0pfjl~c._.js:1:13032)
    at u (.next/server/chunks/ssr/_0pfjl~c._.js:9:544)
    at e (.next/server/chunks/ssr/src_app_admin_layout_tsx_0at4vto._.js:1:158)
    at stringify (<anonymous>)
Error: Static generation failed due to dynamic usage on /admin/admin-dashboard/contacts, reason: cookies
    at n (.next/server/chunks/ssr/_0pfjl~c._.js:1:13032)
    at u (.next/server/chunks/ssr/_0pfjl~c._.js:9:544)
    at e (.next/server/chunks/ssr/src_app_admin_layout_tsx_0at4vto._.js:1:158)
    at stringify (<anonymous>)
Error: Static generation failed due to dynamic usage on /admin/admin-dashboard/content/categories, reason: cookies
    at n (.next/server/chunks/ssr/_0pfjl~c._.js:1:13032)
    at u (.next/server/chunks/ssr/_0pfjl~c._.js:9:544)
    at j (.next/server/chunks/ssr/[root-of-the-server]__0qyxasx._.js:1:4323)
    at e (.next/server/chunks/ssr/[root-of-the-server]__0.qv~5l._.js:1:5707)
    at stringify (<anonymous>)
Error: Static generation failed due to dynamic usage on /admin/admin-dashboard/content/media-library, reason: cookies
    at n (.next/server/chunks/ssr/_0pfjl~c._.js:1:13032)
    at u (.next/server/chunks/ssr/_0pfjl~c._.js:9:544)
    at i (.next/server/chunks/ssr/[root-of-the-server]__0qyxasx._.js:1:4077)
    at e (.next/server/chunks/ssr/[root-of-the-server]__11yg9s8._.js:1:5710)
    at stringify (<anonymous>)
  Generating static pages using 1 worker (18/74) 
Error: Static generation failed due to dynamic usage on /admin/admin-dashboard/content, reason: cookies
    at n (.next/server/chunks/ssr/_0pfjl~c._.js:1:13032)
    at u (.next/server/chunks/ssr/_0pfjl~c._.js:9:544)
    at e (.next/server/chunks/ssr/src_app_admin_layout_tsx_0at4vto._.js:1:158)
    at stringify (<anonymous>)
Error: Static generation failed due to dynamic usage on /admin/admin-dashboard/content/tags, reason: cookies
    at n (.next/server/chunks/ssr/_0pfjl~c._.js:1:13032)
    at u (.next/server/chunks/ssr/_0pfjl~c._.js:9:544)
    at k (.next/server/chunks/ssr/[root-of-the-server]__0qyxasx._.js:1:4525)
    at e (.next/server/chunks/ssr/[root-of-the-server]__0q.kizk._.js:1:5677)
    at stringify (<anonymous>)
Error: Static generation failed due to dynamic usage on /admin/admin-dashboard, reason: cookies
    at n (.next/server/chunks/ssr/_0pfjl~c._.js:1:13032)
    at u (.next/server/chunks/ssr/_0pfjl~c._.js:9:544)
    at i (.next/server/chunks/ssr/[root-of-the-server]__0ly30cr._.js:1:3888)
    at m (.next/server/chunks/ssr/[root-of-the-server]__0ly30cr._.js:1:8902)
    at stringify (<anonymous>)
Error: Static generation failed due to dynamic usage on /admin/admin-dashboard/profiles, reason: cookies
    at n (.next/server/chunks/ssr/_0pfjl~c._.js:1:13032)
    at u (.next/server/chunks/ssr/_0pfjl~c._.js:9:544)
    at e (.next/server/chunks/ssr/src_app_admin_layout_tsx_0at4vto._.js:1:158)
    at stringify (<anonymous>)
Error: Static generation failed due to dynamic usage on /admin/admin-dashboard/registrations, reason: cookies
    at n (.next/server/chunks/ssr/_0pfjl~c._.js:1:13032)
    at u (.next/server/chunks/ssr/_0pfjl~c._.js:9:544)
    at e (.next/server/chunks/ssr/src_app_admin_layout_tsx_0at4vto._.js:1:158)
    at stringify (<anonymous>)
Error: Static generation failed due to dynamic usage on /admin/admin-dashboard/content/blog-posts, reason: cookies
    at n (.next/server/chunks/ssr/_0pfjl~c._.js:1:13032)
    at u (.next/server/chunks/ssr/_0pfjl~c._.js:9:544)
    at f (.next/server/chunks/ssr/[root-of-the-server]__0qyxasx._.js:1:3184)
    at g (.next/server/chunks/ssr/[root-of-the-server]__0qyxasx._.js:1:3420)
    at async h (.next/server/chunks/ssr/[root-of-the-server]__0lbrw~6._.js:1:7224)
Error: Static generation failed due to dynamic usage on /admin/admin-dashboard/tournament-selection, reason: cookies
    at n (.next/server/chunks/ssr/_0pfjl~c._.js:1:13032)
    at u (.next/server/chunks/ssr/_0pfjl~c._.js:9:544)
    at t (.next/server/chunks/ssr/_0aqurz6._.js:2:6413)
    at f (.next/server/chunks/ssr/[root-of-the-server]__0dvs77y._.js:1:2906)
    at stringify (<anonymous>)
Error: Static generation failed due to dynamic usage on /admin/admin-dashboard/tournaments, reason: cookies
    at n (.next/server/chunks/ssr/_0pfjl~c._.js:1:13032)
    at u (.next/server/chunks/ssr/_0pfjl~c._.js:9:544)
    at e (.next/server/chunks/ssr/src_app_admin_layout_tsx_0at4vto._.js:1:158)
    at stringify (<anonymous>)
  Generating static pages using 1 worker (36/74) 
Error: Static generation failed due to dynamic usage on /chess-puzzles, reason: headers
    at m (.next/server/chunks/ssr/_0pfjl~c._.js:1:19630)
    at x (.next/server/chunks/ssr/[root-of-the-server]__0~rooqz._.js:1:10520)
    at stringify (<anonymous>)
Error: Static generation failed due to dynamic usage on /error, reason: headers
    at m (.next/server/chunks/ssr/_0pfjl~c._.js:1:19630)
    at x (.next/server/chunks/ssr/[root-of-the-server]__0~rooqz._.js:1:10520)
    at stringify (<anonymous>)
Error: Static generation failed due to dynamic usage on /blog, reason: headers
    at m (.next/server/chunks/ssr/_0pfjl~c._.js:1:19630)
    at x (.next/server/chunks/ssr/[root-of-the-server]__0~rooqz._.js:1:10520)
    at stringify (<anonymous>)
Error: Static generation failed due to dynamic usage on /events, reason: headers
    at m (.next/server/chunks/ssr/_0pfjl~c._.js:1:19630)
    at x (.next/server/chunks/ssr/[root-of-the-server]__0~rooqz._.js:1:10520)
    at stringify (<anonymous>)
Error: Static generation failed due to dynamic usage on /forms/contact-us, reason: headers
    at m (.next/server/chunks/ssr/_0pfjl~c._.js:1:19630)
    at x (.next/server/chunks/ssr/[root-of-the-server]__0~rooqz._.js:1:10520)
    at stringify (<anonymous>)
Error: Static generation failed due to dynamic usage on /forms, reason: headers
    at m (.next/server/chunks/ssr/_0pfjl~c._.js:1:19630)
    at x (.next/server/chunks/ssr/[root-of-the-server]__0~rooqz._.js:1:10520)
    at stringify (<anonymous>)
Error: Static generation failed due to dynamic usage on /forms/register-player, reason: headers
    at m (.next/server/chunks/ssr/_0pfjl~c._.js:1:19630)
    at x (.next/server/chunks/ssr/[root-of-the-server]__0~rooqz._.js:1:10520)
    at stringify (<anonymous>)
Error: Static generation failed due to dynamic usage on /forms/tournament-registration, reason: headers
    at m (.next/server/chunks/ssr/_0pfjl~c._.js:1:19630)
    at x (.next/server/chunks/ssr/[root-of-the-server]__0~rooqz._.js:1:10520)
    at stringify (<anonymous>)
Error: Static generation failed due to dynamic usage on /forms/upcoming-tournament, reason: headers
    at m (.next/server/chunks/ssr/_0pfjl~c._.js:1:19630)
    at x (.next/server/chunks/ssr/[root-of-the-server]__0~rooqz._.js:1:10520)
    at stringify (<anonymous>)
Error: Static generation failed due to dynamic usage on /junior-rankings, reason: headers
    at m (.next/server/chunks/ssr/_0pfjl~c._.js:1:19630)
    at x (.next/server/chunks/ssr/[root-of-the-server]__0~rooqz._.js:1:10520)
    at stringify (<anonymous>)
  Generating static pages using 1 worker (55/74) 
Error: Static generation failed due to dynamic usage on /license, reason: headers
    at m (.next/server/chunks/ssr/_0pfjl~c._.js:1:19630)
    at x (.next/server/chunks/ssr/[root-of-the-server]__0~rooqz._.js:1:10520)
    at stringify (<anonymous>)
Error: Static generation failed due to dynamic usage on /login, reason: headers
    at m (.next/server/chunks/ssr/_0pfjl~c._.js:1:19630)
    at x (.next/server/chunks/ssr/[root-of-the-server]__0~rooqz._.js:1:10520)
    at stringify (<anonymous>)
Error: Static generation failed due to dynamic usage on /private, reason: headers
    at m (.next/server/chunks/ssr/_0pfjl~c._.js:1:19630)
    at x (.next/server/chunks/ssr/[root-of-the-server]__0~rooqz._.js:1:10520)
    at stringify (<anonymous>)
Error: Static generation failed due to dynamic usage on /reset-password/confirm, reason: headers
    at m (.next/server/chunks/ssr/_0pfjl~c._.js:1:19630)
    at x (.next/server/chunks/ssr/[root-of-the-server]__0~rooqz._.js:1:10520)
    at stringify (<anonymous>)
Error: Static generation failed due to dynamic usage on /reset-password, reason: headers
    at m (.next/server/chunks/ssr/_0pfjl~c._.js:1:19630)
    at x (.next/server/chunks/ssr/[root-of-the-server]__0~rooqz._.js:1:10520)
    at stringify (<anonymous>)
Error: Static generation failed due to dynamic usage on /rankings, reason: headers
    at m (.next/server/chunks/ssr/_0pfjl~c._.js:1:19630)
    at x (.next/server/chunks/ssr/[root-of-the-server]__0~rooqz._.js:1:10520)
    at stringify (<anonymous>)
Error: Static generation failed due to dynamic usage on /player-rankings, reason: headers
    at m (.next/server/chunks/ssr/_0pfjl~c._.js:1:19630)
    at x (.next/server/chunks/ssr/[root-of-the-server]__0~rooqz._.js:1:10520)
    at stringify (<anonymous>)
Error: Static generation failed due to dynamic usage on /signup/confirm-email, reason: headers
    at m (.next/server/chunks/ssr/_0pfjl~c._.js:1:19630)
    at x (.next/server/chunks/ssr/[root-of-the-server]__0~rooqz._.js:1:10520)
    at stringify (<anonymous>)
Error: Static generation failed due to dynamic usage on /signup, reason: headers
    at m (.next/server/chunks/ssr/_0pfjl~c._.js:1:19630)
    at x (.next/server/chunks/ssr/[root-of-the-server]__0~rooqz._.js:1:10520)
    at stringify (<anonymous>)
Error: Static generation failed due to dynamic usage on /tournaments, reason: headers
    at m (.next/server/chunks/ssr/_0pfjl~c._.js:1:19630)
    at x (.next/server/chunks/ssr/[root-of-the-server]__0~rooqz._.js:1:10520)
    at stringify (<anonymous>)
Error: Static generation failed due to dynamic usage on /user/lessons, reason: cookies
    at n (.next/server/chunks/ssr/_0pfjl~c._.js:1:13032)
    at u (.next/server/chunks/ssr/_0pfjl~c._.js:9:544)
    at d (.next/server/chunks/ssr/_0k9xt1s._.js:2:384)
    at jJ (.next/server/chunks/ssr/src_app_user_lessons_page_tsx_02ech3e._.js:62:60344)
    at stringify (<anonymous>)
Error: Static generation failed due to dynamic usage on /user/overview, reason: cookies
    at n (.next/server/chunks/ssr/_0pfjl~c._.js:1:13032)
    at u (.next/server/chunks/ssr/_0pfjl~c._.js:9:544)
    at h (.next/server/chunks/ssr/[root-of-the-server]__06_0fpt._.js:1:2681)
    at stringify (<anonymous>)
Error: Static generation failed due to dynamic usage on /user, reason: headers
    at m (.next/server/chunks/ssr/_0pfjl~c._.js:1:19630)
    at x (.next/server/chunks/ssr/[root-of-the-server]__0~rooqz._.js:1:10520)
    at stringify (<anonymous>)
Error: Static generation failed due to dynamic usage on /user/profile, reason: cookies
    at n (.next/server/chunks/ssr/_0pfjl~c._.js:1:13032)
    at u (.next/server/chunks/ssr/_0pfjl~c._.js:9:544)
    at g (.next/server/chunks/ssr/[root-of-the-server]__04cp1qr._.js:1:2720)
    at stringify (<anonymous>)
Error: Static generation failed due to dynamic usage on /user/tournament-games, reason: headers
    at m (.next/server/chunks/ssr/_0pfjl~c._.js:1:19630)
    at x (.next/server/chunks/ssr/[root-of-the-server]__0~rooqz._.js:1:10520)
    at stringify (<anonymous>)
Error: Static generation failed due to dynamic usage on /user/tournaments, reason: cookies
    at n (.next/server/chunks/ssr/_0pfjl~c._.js:1:13032)
    at u (.next/server/chunks/ssr/_0pfjl~c._.js:9:544)
    at i (.next/server/chunks/ssr/[root-of-the-server]__0l1ihb7._.js:1:4494)
Error: Static generation failed due to dynamic usage on /view, reason: headers
    at m (.next/server/chunks/ssr/_0pfjl~c._.js:1:19630)
    at x (.next/server/chunks/ssr/[root-of-the-server]__0~rooqz._.js:1:10520)
    at stringify (<anonymous>)
✓ Generating static pages using 1 worker (74/74) in 20.9s
  Finalizing page optimization ...


Redirects
┌ source: /:path+/
├ destination: /:path+
└ permanent: true


Headers
┌ source: /(view|engine)(.*)
└ headers:
  └ Cross-Origin-Opener-Policy: same-origin
  ├ Cross-Origin-Embedder-Policy: require-corp


Route (app)
┌ ƒ /
├ ƒ /_not-found
├ ƒ /about
├ ƒ /academy
├ ƒ /academy/admin/assignments
├ ƒ /academy/classroom
├ ƒ /academy/classroom/[sessionId]
├ ƒ /academy/classroom/new
├ ƒ /academy/leaderboard
├ ƒ /academy/lesson
├ ƒ /academy/lesson/[lessonId]
├ ƒ /academy/lesson/[lessonId]/edit
├ ƒ /academy/lesson/add
├ ƒ /academy/reports
├ ƒ /academy/students
├ ƒ /academy/students/[studentId]
├ ƒ /add-game
├ ƒ /admin/admin-dashboard
├ ƒ /admin/admin-dashboard/active-players
├ ƒ /admin/admin-dashboard/all-players
├ ƒ /admin/admin-dashboard/contacts
├ ƒ /admin/admin-dashboard/content
├ ƒ /admin/admin-dashboard/content/blog-posts
├ ƒ /admin/admin-dashboard/content/blog-posts/[id]
├ ƒ /admin/admin-dashboard/content/categories
├ ƒ /admin/admin-dashboard/content/media-library
├ ƒ /admin/admin-dashboard/content/tags
├ ƒ /admin/admin-dashboard/profiles
├ ƒ /admin/admin-dashboard/registrations
├ ƒ /admin/admin-dashboard/tournament-selection
├ ƒ /admin/admin-dashboard/tournaments
├ ƒ /admin/upload-team-tournament
├ ƒ /admin/upload-tournament
├ ƒ /api/auth/lichess
├ ƒ /api/auth/lichess/callback
├ ƒ /api/blog/categories
├ ƒ /api/blog/categories/[id]
├ ƒ /api/blog/contentful/[id]
├ ƒ /api/blog/enhancements
├ ƒ /api/blog/enhancements/publish
├ ƒ /api/blog/media/[id]
├ ƒ /api/blog/media/upload
├ ƒ /api/blog/posts
├ ƒ /api/blog/tags
├ ƒ /api/blog/tags/[id]
├ ƒ /api/classroom/livekit-mute
├ ƒ /api/classroom/livekit-token
├ ƒ /api/lichess/sync
├ ƒ /api/players/search
├ ƒ /api/profile
├ ƒ /api/puzzles/lichess/[puzzleId]
├ ƒ /api/puzzles/lichess/batch
├ ƒ /api/study/lichess/[studyId]
├ ƒ /api/tournaments/[tableName]/games
├ ƒ /api/tournaments/list
├ ƒ /api/upload-poster
├ ○ /apple-icon.png
├ ƒ /auth/callback
├ ƒ /auth/confirm
├ ƒ /blog
├ ƒ /blog/[slug]
├ ƒ /chess-puzzles
├ ƒ /error
├ ƒ /events
├ ƒ /forms
├ ƒ /forms/contact-us
├ ƒ /forms/register-player
├ ƒ /forms/tournament-registration
├ ƒ /forms/upcoming-tournament
├ ○ /icon.png
├ ƒ /junior-rankings
├ ƒ /license
├ ƒ /login
├ ƒ /player-rankings
├ ƒ /player-rankings/data
├ ƒ /private
├ ƒ /rankings
├ ƒ /reset-password
├ ƒ /reset-password/confirm
├ ƒ /signup
├ ƒ /signup/confirm-email
├ ƒ /tournaments
├ ƒ /tournaments/[id]
├ ƒ /user
├ ƒ /user/lessons
├ ƒ /user/overview
├ ƒ /user/profile
├ ƒ /user/tournament-games
├ ƒ /user/tournaments
└ ƒ /view


ƒ Proxy (Middleware)

○  (Static)   prerendered as static content
ƒ  (Dynamic)  server-rendered on demand

